0 verbose cli /usr/bin/node /usr/bin/npm
1 info using npm@10.8.2
2 info using node@v20.19.3
3 silly config load:file:/usr/lib/node_modules/npm/npmrc
4 silly config load:file:/home/abdillahinoor/.cache/typescript/5.8/.npmrc
5 silly config load:file:/home/abdillahinoor/.npmrc
6 silly config load:file:/usr/etc/npmrc
7 verbose title npm install @types/react@ts5.8
8 verbose argv "install" "--ignore-scripts" "@types/react@ts5.8" "--save-dev" "--user-agent" "typesInstaller/5.8.3"
9 verbose logfile logs-max:10 dir:/home/abdillahinoor/.npm/_logs/2025-07-10T16_36_20_859Z-
10 verbose logfile /home/abdillahinoor/.npm/_logs/2025-07-10T16_36_20_859Z-debug-0.log
11 silly packumentCache heap:1949040640 maxSize:487260160 maxEntrySize:243630080
12 silly logfile done cleaning log files
13 silly packumentCache corgi:https://registry.npmjs.org/@types%2freact cache-miss
14 http fetch GET 200 https://registry.npmjs.org/@types%2freact 479ms (cache miss)
15 silly packumentCache corgi:https://registry.npmjs.org/@types%2freact set size:undefined disposed:false
16 silly idealTree buildDeps
17 silly fetch manifest @types/react@19.1.8
18 silly packumentCache full:https://registry.npmjs.org/@types%2freact cache-miss
19 http fetch GET 200 https://registry.npmjs.org/@types%2freact 342ms (cache miss)
20 silly packumentCache full:https://registry.npmjs.org/@types%2freact set size:undefined disposed:false
21 silly placeDep ROOT @types/react@19.1.8 OK for:  want: 19.1.8
22 silly fetch manifest csstype@^3.0.2
23 silly packumentCache full:https://registry.npmjs.org/csstype cache-miss
24 http fetch GET 200 https://registry.npmjs.org/csstype 105ms (cache miss)
25 silly packumentCache full:https://registry.npmjs.org/csstype set size:undefined disposed:false
26 silly placeDep ROOT csstype@3.1.3 OK for: @types/react@19.1.8 want: ^3.0.2
27 silly reify moves {}
28 silly audit bulk request {
28 silly audit   'types-registry': [ '0.1.728' ],
28 silly audit   '@types/react': [ '19.1.8' ],
28 silly audit   csstype: [ '3.1.3' ]
28 silly audit }
29 silly tarball no local data for csstype@https://registry.npmjs.org/csstype/-/csstype-3.1.3.tgz. Extracting by manifest.
30 silly tarball no local data for @types/react@https://registry.npmjs.org/@types/react/-/react-19.1.8.tgz. Extracting by manifest.
31 http fetch POST 200 https://registry.npmjs.org/-/npm/v1/security/advisories/bulk 337ms
32 silly audit report {}
33 http fetch GET 200 https://registry.npmjs.org/csstype/-/csstype-3.1.3.tgz 694ms (cache miss)
34 http fetch GET 200 https://registry.npmjs.org/@types/react/-/react-19.1.8.tgz 714ms (cache miss)
35 silly ADD node_modules/csstype
36 silly ADD node_modules/@types/react
37 verbose cwd /home/abdillahinoor/.cache/typescript/5.8
38 verbose os Linux 6.6.87.2-microsoft-standard-WSL2
39 verbose node v20.19.3
40 verbose npm  v10.8.2
41 verbose exit 0
42 info ok
