0 verbose cli /usr/bin/node /usr/bin/npm
1 info using npm@10.8.2
2 info using node@v20.19.3
3 silly config load:file:/usr/lib/node_modules/npm/npmrc
4 silly config load:file:/home/abdillahinoor/.cache/typescript/5.8/.npmrc
5 silly config load:file:/home/abdillahinoor/.npmrc
6 silly config load:file:/usr/etc/npmrc
7 verbose title npm install types-registry@latest
8 verbose argv "install" "--ignore-scripts" "types-registry@latest"
9 verbose logfile logs-max:10 dir:/home/abdillahinoor/.npm/_logs/2025-07-11T04_46_51_715Z-
10 verbose logfile /home/abdillahinoor/.npm/_logs/2025-07-11T04_46_51_715Z-debug-0.log
11 silly packumentCache heap:1949040640 maxSize:487260160 maxEntrySize:243630080
12 silly logfile done cleaning log files
13 silly packumentCache corgi:https://registry.npmjs.org/types-registry cache-miss
14 http fetch GET 200 https://registry.npmjs.org/types-registry 1504ms (cache revalidated)
15 silly packumentCache corgi:https://registry.npmjs.org/types-registry set size:602502 disposed:false
16 silly idealTree buildDeps
17 silly fetch manifest types-registry@0.1.728
18 silly packumentCache full:https://registry.npmjs.org/types-registry cache-miss
19 http fetch GET 200 https://registry.npmjs.org/types-registry 78ms (cache revalidated)
20 silly packumentCache full:https://registry.npmjs.org/types-registry set size:1280412 disposed:false
21 silly placeDep ROOT types-registry@0.1.728 REPLACE for:  want: 0.1.728
22 silly reify moves {}
23 silly audit bulk request {
23 silly audit   '@types/react': [ '19.1.8' ],
23 silly audit   csstype: [ '3.1.3' ],
23 silly audit   'types-registry': [ '0.1.728' ]
23 silly audit }
24 http fetch POST 200 https://registry.npmjs.org/-/npm/v1/security/advisories/bulk 399ms
25 silly audit report {}
26 verbose cwd /home/abdillahinoor/.cache/typescript/5.8
27 verbose os Linux 6.6.87.2-microsoft-standard-WSL2
28 verbose node v20.19.3
29 verbose npm  v10.8.2
30 verbose exit 0
31 info ok
