0 verbose cli /usr/bin/node /usr/bin/npm
1 info using npm@10.8.2
2 info using node@v20.19.3
3 silly config load:file:/usr/lib/node_modules/npm/npmrc
4 silly config load:file:/home/abdillahinoor/.cache/typescript/5.8/.npmrc
5 silly config load:file:/home/abdillahinoor/.npmrc
6 silly config load:file:/usr/etc/npmrc
7 verbose title npm install types-registry@latest
8 verbose argv "install" "--ignore-scripts" "types-registry@latest"
9 verbose logfile logs-max:10 dir:/home/abdillahinoor/.npm/_logs/2025-07-10T16_36_16_965Z-
10 verbose logfile /home/abdillahinoor/.npm/_logs/2025-07-10T16_36_16_965Z-debug-0.log
11 silly packumentCache heap:1949040640 maxSize:487260160 maxEntrySize:243630080
12 silly logfile done cleaning log files
13 silly packumentCache corgi:https://registry.npmjs.org/types-registry cache-miss
14 http fetch GET 200 https://registry.npmjs.org/npm 819ms
15 http fetch GET 200 https://registry.npmjs.org/types-registry 780ms (cache miss)
16 silly packumentCache corgi:https://registry.npmjs.org/types-registry set size:undefined disposed:false
17 silly idealTree buildDeps
18 silly fetch manifest types-registry@0.1.728
19 silly packumentCache full:https://registry.npmjs.org/types-registry cache-miss
20 http fetch GET 200 https://registry.npmjs.org/types-registry 284ms (cache miss)
21 silly packumentCache full:https://registry.npmjs.org/types-registry set size:undefined disposed:false
22 silly placeDep ROOT types-registry@0.1.728 OK for:  want: 0.1.728
23 silly reify moves {}
24 silly audit bulk request { 'types-registry': [ '0.1.728' ] }
25 silly tarball no local data for types-registry@https://registry.npmjs.org/types-registry/-/types-registry-0.1.728.tgz. Extracting by manifest.
26 http fetch POST 200 https://registry.npmjs.org/-/npm/v1/security/advisories/bulk 393ms
27 silly audit report {}
28 http fetch GET 200 https://registry.npmjs.org/types-registry/-/types-registry-0.1.728.tgz 395ms (cache miss)
29 silly ADD node_modules/types-registry
30 verbose cwd /home/abdillahinoor/.cache/typescript/5.8
31 verbose os Linux 6.6.87.2-microsoft-standard-WSL2
32 verbose node v20.19.3
33 verbose npm  v10.8.2
34 notice
34 notice New major version of npm available! 10.8.2 -> 11.4.2
34 notice Changelog: https://github.com/npm/cli/releases/tag/v11.4.2
34 notice To update run: npm install -g npm@11.4.2
34 notice  { force: true, [Symbol(proc-log.meta)]: true }
35 verbose exit 0
36 info ok
