0 verbose cli /usr/bin/node /usr/bin/npm
1 info using npm@10.8.2
2 info using node@v20.19.3
3 silly config load:file:/usr/lib/node_modules/npm/npmrc
4 silly config load:file:/home/abdillahinoor/.cache/typescript/5.8/.npmrc
5 silly config load:file:/home/abdillahinoor/.npmrc
6 silly config load:file:/usr/etc/npmrc
7 verbose title npm install types-registry@latest
8 verbose argv "install" "--ignore-scripts" "types-registry@latest"
9 verbose logfile logs-max:10 dir:/home/abdillahinoor/.npm/_logs/2025-07-17T12_34_33_662Z-
10 verbose logfile /home/abdillahinoor/.npm/_logs/2025-07-17T12_34_33_662Z-debug-0.log
11 silly packumentCache heap:1949040640 maxSize:487260160 maxEntrySize:243630080
12 silly logfile done cleaning log files
13 silly packumentCache corgi:https://registry.npmjs.org/types-registry cache-miss
14 http fetch GET 200 https://registry.npmjs.org/types-registry 617ms (cache updated)
15 silly packumentCache corgi:https://registry.npmjs.org/types-registry set size:undefined disposed:false
16 silly idealTree buildDeps
17 silly fetch manifest types-registry@0.1.729
18 silly packumentCache full:https://registry.npmjs.org/types-registry cache-miss
19 http fetch GET 200 https://registry.npmjs.org/types-registry 425ms (cache updated)
20 silly packumentCache full:https://registry.npmjs.org/types-registry set size:undefined disposed:false
21 silly placeDep ROOT types-registry@0.1.729 REPLACE for:  want: 0.1.729
22 silly reify mark retired [
22 silly reify   '/home/abdillahinoor/.cache/typescript/5.8/node_modules/types-registry'
22 silly reify ]
23 silly reify moves {
23 silly reify   '/home/abdillahinoor/.cache/typescript/5.8/node_modules/types-registry': '/home/abdillahinoor/.cache/typescript/5.8/node_modules/.types-registry-BWdtmT4A'
23 silly reify }
24 silly audit bulk request {
24 silly audit   '@types/react': [ '19.1.8' ],
24 silly audit   csstype: [ '3.1.3' ],
24 silly audit   'types-registry': [ '0.1.729' ]
24 silly audit }
25 silly tarball no local data for types-registry@https://registry.npmjs.org/types-registry/-/types-registry-0.1.729.tgz. Extracting by manifest.
26 http fetch POST 200 https://registry.npmjs.org/-/npm/v1/security/advisories/bulk 410ms
27 silly audit report {}
28 http fetch GET 200 https://registry.npmjs.org/types-registry/-/types-registry-0.1.729.tgz 575ms (cache miss)
29 silly CHANGE node_modules/types-registry
30 verbose cwd /home/abdillahinoor/.cache/typescript/5.8
31 verbose os Linux 6.6.87.2-microsoft-standard-WSL2
32 verbose node v20.19.3
33 verbose npm  v10.8.2
34 verbose exit 0
35 info ok
